[0.136s] DEBUG:colcon:Command line arguments: ['/usr/bin/colcon', 'build', '--symlink-install', '--packages-select', 'rf2o_laser_odometry']
[0.136s] DEBUG:colcon:Parsed command line arguments: Namespace(log_base=None, log_level=None, verb_name='build', build_base='build', install_base='install', merge_install=False, symlink_install=True, test_result_base=None, continue_on_error=False, executor='parallel', parallel_workers=4, event_handlers=None, ignore_user_meta=False, metas=['./colcon.meta'], base_paths=['.'], packages_ignore=None, packages_ignore_regex=None, paths=None, packages_up_to=None, packages_up_to_regex=None, packages_above=None, packages_above_and_dependencies=None, packages_above_depth=None, packages_select_by_dep=None, packages_skip_by_dep=None, packages_skip_up_to=None, packages_select_build_failed=False, packages_skip_build_finished=False, packages_select_test_failures=False, packages_skip_test_passed=False, packages_select=['rf2o_laser_odometry'], packages_skip=None, packages_select_regex=None, packages_skip_regex=None, packages_start=None, packages_end=None, cmake_args=None, cmake_target=None, cmake_target_skip_unavailable=False, cmake_clean_cache=False, cmake_clean_first=False, cmake_force_configure=False, ament_cmake_args=None, catkin_cmake_args=None, catkin_skip_building_tests=False, verb_parser=<colcon_defaults.argument_parser.defaults.DefaultArgumentsDecorator object at 0xffff935c4e30>, verb_extension=<colcon_core.verb.build.BuildVerb object at 0xffff937b57c0>, main=<bound method BuildVerb.main of <colcon_core.verb.build.BuildVerb object at 0xffff937b57c0>>)
[0.191s] Level 1:colcon.colcon_core.package_discovery:discover_packages(colcon_meta) check parameters
[0.191s] Level 1:colcon.colcon_core.package_discovery:discover_packages(recursive) check parameters
[0.191s] Level 1:colcon.colcon_core.package_discovery:discover_packages(ignore) check parameters
[0.191s] Level 1:colcon.colcon_core.package_discovery:discover_packages(path) check parameters
[0.191s] Level 1:colcon.colcon_core.package_discovery:discover_packages(colcon_meta) discover
[0.192s] Level 1:colcon.colcon_core.package_discovery:discover_packages(recursive) discover
[0.192s] INFO:colcon.colcon_core.package_discovery:Crawling recursively for packages in '/home/pi/ros2_lidar/src'
[0.192s] Level 1:colcon.colcon_core.package_identification:_identify(.) by extensions ['ignore', 'ignore_ament_install']
[0.192s] Level 1:colcon.colcon_core.package_identification:_identify(.) by extension 'ignore'
[0.192s] Level 1:colcon.colcon_core.package_identification:_identify(.) by extension 'ignore_ament_install'
[0.192s] Level 1:colcon.colcon_core.package_identification:_identify(.) by extensions ['colcon_pkg']
[0.192s] Level 1:colcon.colcon_core.package_identification:_identify(.) by extension 'colcon_pkg'
[0.192s] Level 1:colcon.colcon_core.package_identification:_identify(.) by extensions ['colcon_meta']
[0.192s] Level 1:colcon.colcon_core.package_identification:_identify(.) by extension 'colcon_meta'
[0.192s] Level 1:colcon.colcon_core.package_identification:_identify(.) by extensions ['ros']
[0.192s] Level 1:colcon.colcon_core.package_identification:_identify(.) by extension 'ros'
[0.228s] Level 1:colcon.colcon_core.package_identification:_identify(.) by extensions ['cmake', 'python']
[0.228s] Level 1:colcon.colcon_core.package_identification:_identify(.) by extension 'cmake'
[0.228s] Level 1:colcon.colcon_core.package_identification:_identify(.) by extension 'python'
[0.228s] Level 1:colcon.colcon_core.package_identification:_identify(.) by extensions ['python_setup_py']
[0.228s] Level 1:colcon.colcon_core.package_identification:_identify(.) by extension 'python_setup_py'
[0.228s] Level 1:colcon.colcon_core.package_identification:_identify(build) by extensions ['ignore', 'ignore_ament_install']
[0.228s] Level 1:colcon.colcon_core.package_identification:_identify(build) by extension 'ignore'
[0.228s] Level 1:colcon.colcon_core.package_identification:_identify(build) ignored
[0.228s] Level 1:colcon.colcon_core.package_identification:_identify(install) by extensions ['ignore', 'ignore_ament_install']
[0.228s] Level 1:colcon.colcon_core.package_identification:_identify(install) by extension 'ignore'
[0.228s] Level 1:colcon.colcon_core.package_identification:_identify(install) ignored
[0.229s] Level 1:colcon.colcon_core.package_identification:_identify(log) by extensions ['ignore', 'ignore_ament_install']
[0.229s] Level 1:colcon.colcon_core.package_identification:_identify(log) by extension 'ignore'
[0.229s] Level 1:colcon.colcon_core.package_identification:_identify(log) ignored
[0.229s] Level 1:colcon.colcon_core.package_identification:_identify(rf2o_laser_odometry) by extensions ['ignore', 'ignore_ament_install']
[0.229s] Level 1:colcon.colcon_core.package_identification:_identify(rf2o_laser_odometry) by extension 'ignore'
[0.229s] Level 1:colcon.colcon_core.package_identification:_identify(rf2o_laser_odometry) by extension 'ignore_ament_install'
[0.229s] Level 1:colcon.colcon_core.package_identification:_identify(rf2o_laser_odometry) by extensions ['colcon_pkg']
[0.229s] Level 1:colcon.colcon_core.package_identification:_identify(rf2o_laser_odometry) by extension 'colcon_pkg'
[0.229s] Level 1:colcon.colcon_core.package_identification:_identify(rf2o_laser_odometry) by extensions ['colcon_meta']
[0.229s] Level 1:colcon.colcon_core.package_identification:_identify(rf2o_laser_odometry) by extension 'colcon_meta'
[0.229s] Level 1:colcon.colcon_core.package_identification:_identify(rf2o_laser_odometry) by extensions ['ros']
[0.229s] Level 1:colcon.colcon_core.package_identification:_identify(rf2o_laser_odometry) by extension 'ros'
[0.233s] DEBUG:colcon.colcon_core.package_identification:Package 'rf2o_laser_odometry' with type 'ros.ament_cmake' and name 'rf2o_laser_odometry'
[0.233s] Level 1:colcon.colcon_core.package_identification:_identify(ros2_lidar) by extensions ['ignore', 'ignore_ament_install']
[0.233s] Level 1:colcon.colcon_core.package_identification:_identify(ros2_lidar) by extension 'ignore'
[0.233s] Level 1:colcon.colcon_core.package_identification:_identify(ros2_lidar) by extension 'ignore_ament_install'
[0.233s] Level 1:colcon.colcon_core.package_identification:_identify(ros2_lidar) by extensions ['colcon_pkg']
[0.233s] Level 1:colcon.colcon_core.package_identification:_identify(ros2_lidar) by extension 'colcon_pkg'
[0.233s] Level 1:colcon.colcon_core.package_identification:_identify(ros2_lidar) by extensions ['colcon_meta']
[0.233s] Level 1:colcon.colcon_core.package_identification:_identify(ros2_lidar) by extension 'colcon_meta'
[0.233s] Level 1:colcon.colcon_core.package_identification:_identify(ros2_lidar) by extensions ['ros']
[0.233s] Level 1:colcon.colcon_core.package_identification:_identify(ros2_lidar) by extension 'ros'
[0.234s] DEBUG:colcon.colcon_core.package_identification:Package 'ros2_lidar' with type 'ros.ament_python' and name 'ros2_lidar'
[0.234s] Level 1:colcon.colcon_core.package_identification:_identify(simple_2d_lidar_odometry) by extensions ['ignore', 'ignore_ament_install']
[0.234s] Level 1:colcon.colcon_core.package_identification:_identify(simple_2d_lidar_odometry) by extension 'ignore'
[0.234s] Level 1:colcon.colcon_core.package_identification:_identify(simple_2d_lidar_odometry) by extension 'ignore_ament_install'
[0.235s] Level 1:colcon.colcon_core.package_identification:_identify(simple_2d_lidar_odometry) by extensions ['colcon_pkg']
[0.235s] Level 1:colcon.colcon_core.package_identification:_identify(simple_2d_lidar_odometry) by extension 'colcon_pkg'
[0.235s] Level 1:colcon.colcon_core.package_identification:_identify(simple_2d_lidar_odometry) by extensions ['colcon_meta']
[0.235s] Level 1:colcon.colcon_core.package_identification:_identify(simple_2d_lidar_odometry) by extension 'colcon_meta'
[0.235s] Level 1:colcon.colcon_core.package_identification:_identify(simple_2d_lidar_odometry) by extensions ['ros']
[0.235s] Level 1:colcon.colcon_core.package_identification:_identify(simple_2d_lidar_odometry) by extension 'ros'
[0.238s] DEBUG:colcon.colcon_core.package_identification:Package 'simple_2d_lidar_odometry' with type 'ros.ament_cmake' and name 'lidar_odometry'
[0.238s] Level 1:colcon.colcon_core.package_discovery:discover_packages(recursive) using defaults
[0.238s] Level 1:colcon.colcon_core.package_discovery:discover_packages(ignore) discover
[0.238s] Level 1:colcon.colcon_core.package_discovery:discover_packages(ignore) using defaults
[0.238s] Level 1:colcon.colcon_core.package_discovery:discover_packages(path) discover
[0.238s] Level 1:colcon.colcon_core.package_discovery:discover_packages(path) using defaults
[0.261s] INFO:colcon.colcon_core.package_selection:Skipping not selected package 'lidar_odometry' in 'simple_2d_lidar_odometry'
[0.261s] INFO:colcon.colcon_core.package_selection:Skipping not selected package 'ros2_lidar' in 'ros2_lidar'
[0.262s] Level 5:colcon.colcon_core.verb:set package 'rf2o_laser_odometry' build argument 'cmake_args' from command line to 'None'
[0.262s] Level 5:colcon.colcon_core.verb:set package 'rf2o_laser_odometry' build argument 'cmake_target' from command line to 'None'
[0.262s] Level 5:colcon.colcon_core.verb:set package 'rf2o_laser_odometry' build argument 'cmake_target_skip_unavailable' from command line to 'False'
[0.262s] Level 5:colcon.colcon_core.verb:set package 'rf2o_laser_odometry' build argument 'cmake_clean_cache' from command line to 'False'
[0.262s] Level 5:colcon.colcon_core.verb:set package 'rf2o_laser_odometry' build argument 'cmake_clean_first' from command line to 'False'
[0.262s] Level 5:colcon.colcon_core.verb:set package 'rf2o_laser_odometry' build argument 'cmake_force_configure' from command line to 'False'
[0.262s] Level 5:colcon.colcon_core.verb:set package 'rf2o_laser_odometry' build argument 'ament_cmake_args' from command line to 'None'
[0.262s] Level 5:colcon.colcon_core.verb:set package 'rf2o_laser_odometry' build argument 'catkin_cmake_args' from command line to 'None'
[0.262s] Level 5:colcon.colcon_core.verb:set package 'rf2o_laser_odometry' build argument 'catkin_skip_building_tests' from command line to 'False'
[0.262s] DEBUG:colcon.colcon_core.verb:Building package 'rf2o_laser_odometry' with the following arguments: {'ament_cmake_args': None, 'build_base': '/home/pi/ros2_lidar/src/build/rf2o_laser_odometry', 'catkin_cmake_args': None, 'catkin_skip_building_tests': False, 'cmake_args': None, 'cmake_clean_cache': False, 'cmake_clean_first': False, 'cmake_force_configure': False, 'cmake_target': None, 'cmake_target_skip_unavailable': False, 'install_base': '/home/pi/ros2_lidar/src/install/rf2o_laser_odometry', 'merge_install': False, 'path': '/home/pi/ros2_lidar/src/rf2o_laser_odometry', 'symlink_install': True, 'test_result_base': None}
[0.262s] INFO:colcon.colcon_core.executor:Executing jobs using 'parallel' executor
[0.264s] DEBUG:colcon.colcon_parallel_executor.executor.parallel:run_until_complete
[0.264s] INFO:colcon.colcon_ros.task.ament_cmake.build:Building ROS package in '/home/pi/ros2_lidar/src/rf2o_laser_odometry' with build type 'ament_cmake'
[0.264s] INFO:colcon.colcon_cmake.task.cmake.build:Building CMake package in '/home/pi/ros2_lidar/src/rf2o_laser_odometry'
[0.266s] INFO:colcon.colcon_core.plugin_system:Skipping extension 'colcon_core.shell.bat': Not used on non-Windows systems
[0.266s] DEBUG:colcon.colcon_core.shell:Skip shell extension 'dsv' for command environment
[0.278s] DEBUG:colcon.colcon_core.event_handler.log_command:Invoking command in '/home/pi/ros2_lidar/src/build/rf2o_laser_odometry': CMAKE_PREFIX_PATH=${CMAKE_PREFIX_PATH}:/home/pi/ros2_lidar/install/ros2_lidar:/opt/ros/jazzy /usr/bin/cmake /home/pi/ros2_lidar/src/rf2o_laser_odometry -DAMENT_CMAKE_SYMLINK_INSTALL=1 -DCMAKE_INSTALL_PREFIX=/home/pi/ros2_lidar/src/install/rf2o_laser_odometry
[2.346s] DEBUG:colcon.colcon_core.event_handler.log_command:Invoked command in '/home/pi/ros2_lidar/src/build/rf2o_laser_odometry' returned '0': CMAKE_PREFIX_PATH=${CMAKE_PREFIX_PATH}:/home/pi/ros2_lidar/install/ros2_lidar:/opt/ros/jazzy /usr/bin/cmake /home/pi/ros2_lidar/src/rf2o_laser_odometry -DAMENT_CMAKE_SYMLINK_INSTALL=1 -DCMAKE_INSTALL_PREFIX=/home/pi/ros2_lidar/src/install/rf2o_laser_odometry
[2.348s] DEBUG:colcon.colcon_core.event_handler.log_command:Invoking command in '/home/pi/ros2_lidar/src/build/rf2o_laser_odometry': CMAKE_PREFIX_PATH=${CMAKE_PREFIX_PATH}:/home/pi/ros2_lidar/install/ros2_lidar:/opt/ros/jazzy /usr/bin/cmake --build /home/pi/ros2_lidar/src/build/rf2o_laser_odometry -- -j4 -l4
[38.785s] DEBUG:colcon.colcon_core.event_handler.log_command:Invoked command in '/home/pi/ros2_lidar/src/build/rf2o_laser_odometry' returned '0': CMAKE_PREFIX_PATH=${CMAKE_PREFIX_PATH}:/home/pi/ros2_lidar/install/ros2_lidar:/opt/ros/jazzy /usr/bin/cmake --build /home/pi/ros2_lidar/src/build/rf2o_laser_odometry -- -j4 -l4
[38.803s] DEBUG:colcon.colcon_core.event_handler.log_command:Invoking command in '/home/pi/ros2_lidar/src/build/rf2o_laser_odometry': CMAKE_PREFIX_PATH=${CMAKE_PREFIX_PATH}:/home/pi/ros2_lidar/install/ros2_lidar:/opt/ros/jazzy /usr/bin/cmake --install /home/pi/ros2_lidar/src/build/rf2o_laser_odometry
[39.105s] Level 1:colcon.colcon_core.environment:create_environment_scripts_only(rf2o_laser_odometry)
[39.106s] DEBUG:colcon.colcon_core.event_handler.log_command:Invoked command in '/home/pi/ros2_lidar/src/build/rf2o_laser_odometry' returned '0': CMAKE_PREFIX_PATH=${CMAKE_PREFIX_PATH}:/home/pi/ros2_lidar/install/ros2_lidar:/opt/ros/jazzy /usr/bin/cmake --install /home/pi/ros2_lidar/src/build/rf2o_laser_odometry
[39.109s] Level 1:colcon.colcon_core.environment:checking '/home/pi/ros2_lidar/src/install/rf2o_laser_odometry' for CMake module files
[39.109s] Level 1:colcon.colcon_core.environment:checking '/home/pi/ros2_lidar/src/install/rf2o_laser_odometry' for CMake config files
[39.110s] Level 1:colcon.colcon_core.shell:create_environment_hook('rf2o_laser_odometry', 'cmake_prefix_path')
[39.110s] INFO:colcon.colcon_core.shell:Creating environment descriptor '/home/pi/ros2_lidar/src/install/rf2o_laser_odometry/share/rf2o_laser_odometry/hook/cmake_prefix_path.dsv'
[39.111s] INFO:colcon.colcon_core.shell:Creating environment hook '/home/pi/ros2_lidar/src/install/rf2o_laser_odometry/share/rf2o_laser_odometry/hook/cmake_prefix_path.sh'
[39.112s] Level 1:colcon.colcon_core.environment:checking '/home/pi/ros2_lidar/src/install/rf2o_laser_odometry/lib'
[39.112s] Level 1:colcon.colcon_core.environment:checking '/home/pi/ros2_lidar/src/install/rf2o_laser_odometry/bin'
[39.112s] Level 1:colcon.colcon_core.environment:checking '/home/pi/ros2_lidar/src/install/rf2o_laser_odometry/lib/pkgconfig/rf2o_laser_odometry.pc'
[39.115s] Level 1:colcon.colcon_core.environment:checking '/home/pi/ros2_lidar/src/install/rf2o_laser_odometry/lib/python3.12/site-packages'
[39.116s] Level 1:colcon.colcon_core.environment:checking '/home/pi/ros2_lidar/src/install/rf2o_laser_odometry/bin'
[39.116s] INFO:colcon.colcon_core.shell:Creating package descriptor '/home/pi/ros2_lidar/src/install/rf2o_laser_odometry/share/rf2o_laser_odometry/package.dsv'
[39.117s] INFO:colcon.colcon_core.shell:Creating package script '/home/pi/ros2_lidar/src/install/rf2o_laser_odometry/share/rf2o_laser_odometry/package.sh'
[39.118s] INFO:colcon.colcon_core.shell:Creating package script '/home/pi/ros2_lidar/src/install/rf2o_laser_odometry/share/rf2o_laser_odometry/package.bash'
[39.119s] INFO:colcon.colcon_core.shell:Creating package script '/home/pi/ros2_lidar/src/install/rf2o_laser_odometry/share/rf2o_laser_odometry/package.zsh'
[39.120s] Level 1:colcon.colcon_core.environment:create_file_with_runtime_dependencies(/home/pi/ros2_lidar/src/install/rf2o_laser_odometry/share/colcon-core/packages/rf2o_laser_odometry)
[39.121s] Level 1:colcon.colcon_core.environment:create_environment_scripts_only(rf2o_laser_odometry)
[39.121s] Level 1:colcon.colcon_core.environment:checking '/home/pi/ros2_lidar/src/install/rf2o_laser_odometry' for CMake module files
[39.122s] Level 1:colcon.colcon_core.environment:checking '/home/pi/ros2_lidar/src/install/rf2o_laser_odometry' for CMake config files
[39.122s] Level 1:colcon.colcon_core.shell:create_environment_hook('rf2o_laser_odometry', 'cmake_prefix_path')
[39.122s] INFO:colcon.colcon_core.shell:Creating environment descriptor '/home/pi/ros2_lidar/src/install/rf2o_laser_odometry/share/rf2o_laser_odometry/hook/cmake_prefix_path.dsv'
[39.123s] INFO:colcon.colcon_core.shell:Creating environment hook '/home/pi/ros2_lidar/src/install/rf2o_laser_odometry/share/rf2o_laser_odometry/hook/cmake_prefix_path.sh'
[39.124s] Level 1:colcon.colcon_core.environment:checking '/home/pi/ros2_lidar/src/install/rf2o_laser_odometry/lib'
[39.124s] Level 1:colcon.colcon_core.environment:checking '/home/pi/ros2_lidar/src/install/rf2o_laser_odometry/bin'
[39.124s] Level 1:colcon.colcon_core.environment:checking '/home/pi/ros2_lidar/src/install/rf2o_laser_odometry/lib/pkgconfig/rf2o_laser_odometry.pc'
[39.125s] Level 1:colcon.colcon_core.environment:checking '/home/pi/ros2_lidar/src/install/rf2o_laser_odometry/lib/python3.12/site-packages'
[39.125s] Level 1:colcon.colcon_core.environment:checking '/home/pi/ros2_lidar/src/install/rf2o_laser_odometry/bin'
[39.125s] INFO:colcon.colcon_core.shell:Creating package descriptor '/home/pi/ros2_lidar/src/install/rf2o_laser_odometry/share/rf2o_laser_odometry/package.dsv'
[39.126s] INFO:colcon.colcon_core.shell:Creating package script '/home/pi/ros2_lidar/src/install/rf2o_laser_odometry/share/rf2o_laser_odometry/package.sh'
[39.127s] INFO:colcon.colcon_core.shell:Creating package script '/home/pi/ros2_lidar/src/install/rf2o_laser_odometry/share/rf2o_laser_odometry/package.bash'
[39.127s] INFO:colcon.colcon_core.shell:Creating package script '/home/pi/ros2_lidar/src/install/rf2o_laser_odometry/share/rf2o_laser_odometry/package.zsh'
[39.128s] Level 1:colcon.colcon_core.environment:create_file_with_runtime_dependencies(/home/pi/ros2_lidar/src/install/rf2o_laser_odometry/share/colcon-core/packages/rf2o_laser_odometry)
[39.129s] DEBUG:colcon.colcon_parallel_executor.executor.parallel:closing loop
[39.129s] DEBUG:colcon.colcon_parallel_executor.executor.parallel:loop closed
[39.129s] DEBUG:colcon.colcon_parallel_executor.executor.parallel:run_until_complete finished with '0'
[39.129s] DEBUG:colcon.colcon_core.event_reactor:joining thread
[39.137s] INFO:colcon.colcon_core.plugin_system:Skipping extension 'colcon_notification.desktop_notification.notify_send': Could not find 'notify-send'
[39.137s] INFO:colcon.colcon_core.plugin_system:Skipping extension 'colcon_notification.desktop_notification.terminal_notifier': Not used on non-Darwin systems
[39.137s] INFO:colcon.colcon_core.plugin_system:Skipping extension 'colcon_notification.desktop_notification.win32': Not used on non-Windows systems
[39.137s] INFO:colcon.colcon_notification.desktop_notification:Sending desktop notification using 'notify2'
[39.138s] DEBUG:colcon.colcon_notification.desktop_notification.notify2:Failed to initialize notify2: org.freedesktop.DBus.Error.ServiceUnknown: The name org.freedesktop.Notifications was not provided by any .service files
[39.138s] DEBUG:colcon.colcon_core.event_reactor:joined thread
[39.139s] INFO:colcon.colcon_core.shell:Creating prefix script '/home/pi/ros2_lidar/src/install/local_setup.sh'
[39.140s] INFO:colcon.colcon_core.shell:Creating prefix util module '/home/pi/ros2_lidar/src/install/_local_setup_util_sh.py'
[39.141s] INFO:colcon.colcon_core.shell:Creating prefix chain script '/home/pi/ros2_lidar/src/install/setup.sh'
[39.143s] INFO:colcon.colcon_core.shell:Creating prefix script '/home/pi/ros2_lidar/src/install/local_setup.bash'
[39.143s] INFO:colcon.colcon_core.shell:Creating prefix chain script '/home/pi/ros2_lidar/src/install/setup.bash'
[39.144s] INFO:colcon.colcon_core.shell:Creating prefix script '/home/pi/ros2_lidar/src/install/local_setup.zsh'
[39.145s] INFO:colcon.colcon_core.shell:Creating prefix chain script '/home/pi/ros2_lidar/src/install/setup.zsh'
