running develop
running egg_info
creating ros2_lidar.egg-info
writing ros2_lidar.egg-info/PKG-INFO
writing dependency_links to ros2_lidar.egg-info/dependency_links.txt
writing entry points to ros2_lidar.egg-info/entry_points.txt
writing requirements to ros2_lidar.egg-info/requires.txt
writing top-level names to ros2_lidar.egg-info/top_level.txt
writing manifest file 'ros2_lidar.egg-info/SOURCES.txt'
reading manifest file 'ros2_lidar.egg-info/SOURCES.txt'
writing manifest file 'ros2_lidar.egg-info/SOURCES.txt'
running build_ext
Creating /home/pi/ros2_lidar/install/ros2_lidar/lib/python3.12/site-packages/ros2-lidar.egg-link (link to .)
Installing pi_car script to /home/pi/ros2_lidar/install/ros2_lidar/bin

Installed /home/pi/ros2_lidar/build/ros2_lidar
running symlink_data
creating /home/pi/ros2_lidar/install/ros2_lidar/share/ament_index
creating /home/pi/ros2_lidar/install/ros2_lidar/share/ament_index/resource_index
creating /home/pi/ros2_lidar/install/ros2_lidar/share/ament_index/resource_index/packages
symbolically linking /home/pi/ros2_lidar/build/ros2_lidar/resource/ros2_lidar -> /home/pi/ros2_lidar/install/ros2_lidar/share/ament_index/resource_index/packages
symbolically linking /home/pi/ros2_lidar/build/ros2_lidar/package.xml -> /home/pi/ros2_lidar/install/ros2_lidar/share/ros2_lidar
symbolically linking /home/pi/ros2_lidar/build/ros2_lidar/picar.urdf -> /home/pi/ros2_lidar/install/ros2_lidar/share/ros2_lidar
symbolically linking /home/pi/ros2_lidar/build/ros2_lidar/slam_params.yaml -> /home/pi/ros2_lidar/install/ros2_lidar/share/ros2_lidar
