[0.032s] Invoking command in '/home/pi/ros2_lidar/build/lidar_odometry': CMAKE_PREFIX_PATH=${CMAKE_PREFIX_PATH}:/opt/ros/jazzy /usr/bin/cmake /home/pi/ros2_lidar/src/simple_2d_lidar_odometry -DAMENT_CMAKE_SYMLINK_INSTALL=1 -DCMAKE_INSTALL_PREFIX=/home/pi/ros2_lidar/install/lidar_odometry
[0.600s] -- The C compiler identification is GNU 13.3.0
[1.011s] -- The CXX compiler identification is GNU 13.3.0
[1.055s] -- Detecting C compiler ABI info
[1.260s] -- Detecting C compiler ABI info - done
[1.275s] -- Check for working C compiler: /usr/bin/cc - skipped
[1.277s] -- Detecting C compile features
[1.278s] -- Detecting C compile features - done
[1.295s] -- Detecting CXX compiler ABI info
[1.479s] -- Detecting CXX compiler ABI info - done
[1.494s] -- Check for working CXX compiler: /usr/bin/c++ - skipped
[1.495s] -- Detecting CXX compile features
[1.495s] -- Detecting CXX compile features - done
[1.510s] -- Found ament_cmake: 2.5.4 (/opt/ros/jazzy/share/ament_cmake/cmake)
[1.748s] -- Found Python3: /usr/bin/python3 (found version "3.12.3") found components: Interpreter 
[1.929s] -- Override CMake install command with custom implementation using symlinks instead of copying resources
[2.013s] -- Found rclcpp: 28.1.13 (/opt/ros/jazzy/share/rclcpp/cmake)
[2.104s] -- Found rosidl_generator_c: 4.6.6 (/opt/ros/jazzy/share/rosidl_generator_c/cmake)
[2.133s] -- Found rosidl_generator_cpp: 4.6.6 (/opt/ros/jazzy/share/rosidl_generator_cpp/cmake)
[2.171s] -- Using all available rosidl_typesupport_c: rosidl_typesupport_fastrtps_c;rosidl_typesupport_introspection_c
[2.209s] -- Using all available rosidl_typesupport_cpp: rosidl_typesupport_fastrtps_cpp;rosidl_typesupport_introspection_cpp
[2.361s] -- Found rmw_implementation_cmake: 7.3.2 (/opt/ros/jazzy/share/rmw_implementation_cmake/cmake)
[2.368s] -- Found rmw_fastrtps_cpp: 8.4.3 (/opt/ros/jazzy/share/rmw_fastrtps_cpp/cmake)
[2.542s] -- Found OpenSSL: /usr/lib/aarch64-linux-gnu/libcrypto.so (found version "3.0.13")  
[2.570s] -- Found FastRTPS: /opt/ros/jazzy/include (Required is at least version "2.13") 
[2.604s] -- Using RMW implementation 'rmw_fastrtps_cpp' as default
[2.744s] -- Found sensor_msgs: 5.3.6 (/opt/ros/jazzy/share/sensor_msgs/cmake)
[2.866s] -- Found nav_msgs: 5.3.6 (/opt/ros/jazzy/share/nav_msgs/cmake)
[3.053s] -- Found Boost: /usr/lib/aarch64-linux-gnu/cmake/Boost-1.83.0/BoostConfig.cmake (found suitable version "1.83.0", minimum required is "1.65.0") found components: system filesystem iostreams serialization 
[3.065s] [33mCMake Warning (dev) at /usr/lib/aarch64-linux-gnu/cmake/pcl/Modules/FindFLANN.cmake:45 (find_package):
[3.065s]   Policy CMP0144 is not set: find_package uses upper-case <PACKAGENAME>_ROOT
[3.065s]   variables.  Run "cmake --help-policy CMP0144" for policy details.  Use the
[3.065s]   cmake_policy command to set the policy and suppress this warning.
[3.065s] 
[3.065s]   CMake variable FLANN_ROOT is set to:
[3.065s] 
[3.065s]     /usr
[3.065s] 
[3.066s]   For compatibility, find_package is ignoring the variable, but code in a
[3.066s]   .cmake module might still use it.
[3.066s] Call Stack (most recent call first):
[3.066s]   /usr/lib/aarch64-linux-gnu/cmake/pcl/PCLConfig.cmake:261 (find_package)
[3.066s]   /usr/lib/aarch64-linux-gnu/cmake/pcl/PCLConfig.cmake:306 (find_flann)
[3.066s]   /usr/lib/aarch64-linux-gnu/cmake/pcl/PCLConfig.cmake:570 (find_external_library)
[3.066s]   CMakeLists.txt:14 (find_package)
[3.066s] This warning is for project developers.  Use -Wno-dev to suppress it.
[3.066s] [0m
[3.072s] -- Found flann version 1.9.2
[3.644s] -- Found OpenMP_CXX: -fopenmp (found version "4.5") 
[3.645s] -- Found OpenMP: TRUE (found version "4.5") found components: CXX 
[3.725s] -- Performing Test CMAKE_HAVE_LIBC_PTHREAD
[3.911s] -- Performing Test CMAKE_HAVE_LIBC_PTHREAD - Success
[3.913s] -- Found Threads: TRUE  
[3.922s] -- Found GLEW: /usr/lib/aarch64-linux-gnu/libGLEW.so  
[3.939s] -- Found OpenGL: /usr/lib/aarch64-linux-gnu/libOpenGL.so  found components: OpenGL GLX 
[4.317s] -- Found MPI_C: /usr/lib/aarch64-linux-gnu/libmpi.so (found version "3.1") 
[4.317s] -- Found MPI: TRUE (found version "3.1") found components: C 
[4.326s] -- Found JsonCpp: /usr/lib/aarch64-linux-gnu/libjsoncpp.so (found suitable version "1.9.5", minimum required is "0.7.0") 
[4.346s] -- Found ZLIB: /usr/lib/aarch64-linux-gnu/libz.so (found version "1.3")  
[4.379s] -- Found PNG: /usr/lib/aarch64-linux-gnu/libpng.so (found version "1.6.43") 
[4.464s] -- Found Eigen3: /usr/include/eigen3 (found version "3.4.0") 
[4.669s] -- Found X11: /usr/include   
[4.670s] -- Looking for XOpenDisplay in /usr/lib/aarch64-linux-gnu/libX11.so;/usr/lib/aarch64-linux-gnu/libXext.so
[4.832s] -- Looking for XOpenDisplay in /usr/lib/aarch64-linux-gnu/libX11.so;/usr/lib/aarch64-linux-gnu/libXext.so - found
[4.832s] -- Looking for gethostbyname
[4.981s] -- Looking for gethostbyname - found
[4.981s] -- Looking for connect
[5.157s] -- Looking for connect - found
[5.157s] -- Looking for remove
[5.305s] -- Looking for remove - found
[5.306s] -- Looking for shmat
[5.457s] -- Looking for shmat - found
[5.457s] -- Looking for IceConnectionNumber in ICE
[5.610s] -- Looking for IceConnectionNumber in ICE - found
[5.787s] -- Found EXPAT: /usr/lib/aarch64-linux-gnu/libexpat.so (found version "2.6.1") 
[5.796s] -- Found double-conversion: /usr/lib/aarch64-linux-gnu/libdouble-conversion.so  
[5.801s] -- Found LZ4: /usr/lib/aarch64-linux-gnu/liblz4.so (found version "1.9.4") 
[5.811s] -- Found LZMA: /usr/lib/aarch64-linux-gnu/liblzma.so (found version "5.4.5") 
[5.925s] -- Found JPEG: /usr/lib/aarch64-linux-gnu/libjpeg.so (found version "80") 
[5.943s] -- Found TIFF: /usr/lib/aarch64-linux-gnu/libtiff.so (found version "4.5.1")  
[5.951s] -- Found Freetype: /usr/lib/aarch64-linux-gnu/libfreetype.so (found version "2.13.2") 
[5.961s] -- Found utf8cpp: /usr/include/utf8cpp  
[6.118s] -- Checking for module 'libusb-1.0'
[6.145s] --   Found libusb-1.0, version 1.0.27
[6.210s] -- Found libusb: /usr/lib/aarch64-linux-gnu/libusb-1.0.so  
[6.213s] -- Found OpenNI: /usr/lib/libOpenNI.so;libusb::libusb (found version "1.5.4.0") 
[6.213s] -- OpenNI found (version: 1.5.4.0, include: /usr/include/ni, lib: /usr/lib/libOpenNI.so;libusb::libusb)
[6.316s] -- Found OpenNI2: /usr/lib/aarch64-linux-gnu/libOpenNI2.so;libusb::libusb (found version "2.2.0.33") 
[6.316s] -- OpenNI2 found (version: 2.2.0.33, include: /usr/include/openni2, lib: /usr/lib/aarch64-linux-gnu/libOpenNI2.so;libusb::libusb)
[6.321s] -- Could NOT find Pcap (missing: PCAP_LIBRARIES PCAP_INCLUDE_DIRS) 
[6.321s] [0m** WARNING ** io features related to pcap will be disabled[0m
[6.926s] -- OpenNI found (version: 1.5.4.0, include: /usr/include/ni, lib: /usr/lib/libOpenNI.so;libusb::libusb)
[6.937s] -- OpenNI2 found (version: 2.2.0.33, include: /usr/include/openni2, lib: /usr/lib/aarch64-linux-gnu/libOpenNI2.so;libusb::libusb)
[7.499s] -- Found Qhull version 8.0.2
[8.085s] -- OpenNI found (version: 1.5.4.0, include: /usr/include/ni, lib: /usr/lib/libOpenNI.so;libusb::libusb)
[8.656s] -- looking for PCL_COMMON
[8.657s] -- Found PCL_COMMON: /usr/lib/aarch64-linux-gnu/libpcl_common.so  
[8.658s] -- looking for PCL_KDTREE
[8.659s] -- Found PCL_KDTREE: /usr/lib/aarch64-linux-gnu/libpcl_kdtree.so  
[8.659s] -- looking for PCL_OCTREE
[8.660s] -- Found PCL_OCTREE: /usr/lib/aarch64-linux-gnu/libpcl_octree.so  
[8.660s] -- looking for PCL_SEARCH
[8.661s] -- Found PCL_SEARCH: /usr/lib/aarch64-linux-gnu/libpcl_search.so  
[8.661s] -- looking for PCL_SAMPLE_CONSENSUS
[8.662s] -- Found PCL_SAMPLE_CONSENSUS: /usr/lib/aarch64-linux-gnu/libpcl_sample_consensus.so  
[8.663s] -- looking for PCL_FILTERS
[8.664s] -- Found PCL_FILTERS: /usr/lib/aarch64-linux-gnu/libpcl_filters.so  
[8.664s] -- looking for PCL_2D
[8.664s] -- Found PCL_2D: /usr/include/pcl-1.14  
[8.665s] -- looking for PCL_GEOMETRY
[8.665s] -- Found PCL_GEOMETRY: /usr/include/pcl-1.14  
[8.665s] -- looking for PCL_IO
[8.666s] -- Found PCL_IO: /usr/lib/aarch64-linux-gnu/libpcl_io.so  
[8.666s] -- looking for PCL_FEATURES
[8.667s] -- Found PCL_FEATURES: /usr/lib/aarch64-linux-gnu/libpcl_features.so  
[8.668s] -- looking for PCL_ML
[8.669s] -- Found PCL_ML: /usr/lib/aarch64-linux-gnu/libpcl_ml.so  
[8.669s] -- looking for PCL_SEGMENTATION
[8.670s] -- Found PCL_SEGMENTATION: /usr/lib/aarch64-linux-gnu/libpcl_segmentation.so  
[8.670s] -- looking for PCL_VISUALIZATION
[8.671s] -- Found PCL_VISUALIZATION: /usr/lib/aarch64-linux-gnu/libpcl_visualization.so  
[8.672s] -- looking for PCL_SURFACE
[8.673s] -- Found PCL_SURFACE: /usr/lib/aarch64-linux-gnu/libpcl_surface.so  
[8.673s] -- looking for PCL_REGISTRATION
[8.674s] -- Found PCL_REGISTRATION: /usr/lib/aarch64-linux-gnu/libpcl_registration.so  
[8.675s] -- looking for PCL_KEYPOINTS
[8.676s] -- Found PCL_KEYPOINTS: /usr/lib/aarch64-linux-gnu/libpcl_keypoints.so  
[8.676s] -- looking for PCL_TRACKING
[8.677s] -- Found PCL_TRACKING: /usr/lib/aarch64-linux-gnu/libpcl_tracking.so  
[8.677s] -- looking for PCL_RECOGNITION
[8.678s] -- Found PCL_RECOGNITION: /usr/lib/aarch64-linux-gnu/libpcl_recognition.so  
[8.679s] -- looking for PCL_STEREO
[8.680s] -- Found PCL_STEREO: /usr/lib/aarch64-linux-gnu/libpcl_stereo.so  
[8.680s] -- looking for PCL_APPS
[8.681s] -- Found PCL_APPS: /usr/lib/aarch64-linux-gnu/libpcl_apps.so  
[8.682s] -- looking for PCL_IN_HAND_SCANNER
[8.682s] -- Found PCL_IN_HAND_SCANNER: /usr/include/pcl-1.14  
[8.682s] -- looking for PCL_MODELER
[8.683s] -- Found PCL_MODELER: /usr/include/pcl-1.14  
[8.683s] -- looking for PCL_POINT_CLOUD_EDITOR
[8.684s] -- Found PCL_POINT_CLOUD_EDITOR: /usr/include/pcl-1.14  
[8.684s] -- looking for PCL_OUTOFCORE
[8.686s] -- Found PCL_OUTOFCORE: /usr/lib/aarch64-linux-gnu/libpcl_outofcore.so  
[8.686s] -- looking for PCL_PEOPLE
[8.687s] -- Found PCL_PEOPLE: /usr/lib/aarch64-linux-gnu/libpcl_people.so  
[8.688s] -- Found PCL: pcl_common;pcl_kdtree;pcl_octree;pcl_search;pcl_sample_consensus;pcl_filters;pcl_io;pcl_features;pcl_ml;pcl_segmentation;pcl_visualization;pcl_surface;pcl_registration;pcl_keypoints;pcl_tracking;pcl_recognition;pcl_stereo;pcl_apps;pcl_outofcore;pcl_people;Boost::system;Boost::filesystem;Boost::iostreams;Boost::serialization;/usr/lib/libOpenNI.so;libusb::libusb;/usr/lib/aarch64-linux-gnu/libOpenNI2.so;libusb::libusb;VTK::ChartsCore;VTK::CommonColor;VTK::CommonComputationalGeometry;VTK::CommonCore;VTK::CommonDataModel;VTK::CommonExecutionModel;VTK::CommonMath;VTK::CommonMisc;VTK::CommonTransforms;VTK::FiltersCore;VTK::FiltersExtraction;VTK::FiltersGeneral;VTK::FiltersGeometry;VTK::FiltersModeling;VTK::FiltersSources;VTK::ImagingCore;VTK::ImagingSources;VTK::InteractionImage;VTK::InteractionStyle;VTK::InteractionWidgets;VTK::IOCore;VTK::IOGeometry;VTK::IOImage;VTK::IOLegacy;VTK::IOPLY;VTK::RenderingAnnotation;VTK::RenderingCore;VTK::RenderingContext2D;VTK::RenderingLOD;VTK::RenderingFreeType;VTK::ViewsCore;VTK::ViewsContext2D;VTK::RenderingOpenGL2;VTK::RenderingContextOpenGL2;VTK::GUISupportQt;FLANN::FLANN;QHULL::QHULL  
[8.693s] -- Found laser_geometry: 2.7.2 (/opt/ros/jazzy/share/laser_geometry/cmake)
[8.718s] -- Found pcl_conversions: 2.6.2 (/opt/ros/jazzy/share/pcl_conversions/cmake)
[8.787s] -- Found tf2_eigen: 0.36.16 (/opt/ros/jazzy/share/tf2_eigen/cmake)
[9.044s] -- Found ament_lint_auto: 0.17.3 (/opt/ros/jazzy/share/ament_lint_auto/cmake)
[9.240s] -- Added test 'cppcheck' to perform static code analysis on C / C++ code
[9.241s] -- Configured cppcheck include dirs: /home/pi/ros2_lidar/src/simple_2d_lidar_odometry/include;$<BUILD_INTERFACE:/home/pi/ros2_lidar/src/simple_2d_lidar_odometry/include>
[9.241s] -- Configured cppcheck exclude dirs and/or files: 
[9.243s] -- Added test 'lint_cmake' to check CMake code style
[9.246s] -- Added test 'uncrustify' to check C / C++ code style
[9.246s] -- Configured uncrustify additional arguments: 
[9.247s] -- Added test 'xmllint' to check XML markup files
[9.251s] -- Configuring done (9.1s)
[9.468s] -- Generating done (0.2s)
[9.479s] -- Build files have been written to: /home/pi/ros2_lidar/build/lidar_odometry
[9.534s] Invoked command in '/home/pi/ros2_lidar/build/lidar_odometry' returned '0': CMAKE_PREFIX_PATH=${CMAKE_PREFIX_PATH}:/opt/ros/jazzy /usr/bin/cmake /home/pi/ros2_lidar/src/simple_2d_lidar_odometry -DAMENT_CMAKE_SYMLINK_INSTALL=1 -DCMAKE_INSTALL_PREFIX=/home/pi/ros2_lidar/install/lidar_odometry
[9.537s] Invoking command in '/home/pi/ros2_lidar/build/lidar_odometry': CMAKE_PREFIX_PATH=${CMAKE_PREFIX_PATH}:/opt/ros/jazzy /usr/bin/cmake --build /home/pi/ros2_lidar/build/lidar_odometry -- -j4 -l4
[9.635s] [ 33%] [32mBuilding CXX object CMakeFiles/lidar_odometry_node.dir/src/lidar_odometry_node.cpp.o[0m
[9.636s] [ 66%] [32mBuilding CXX object CMakeFiles/lidar_odometry_node.dir/src/lidar_odometry.cpp.o[0m
[39.784s] [100%] [32m[1mLinking CXX executable lidar_odometry_node[0m
[45.042s] [100%] Built target lidar_odometry_node
[45.064s] Invoked command in '/home/pi/ros2_lidar/build/lidar_odometry' returned '0': CMAKE_PREFIX_PATH=${CMAKE_PREFIX_PATH}:/opt/ros/jazzy /usr/bin/cmake --build /home/pi/ros2_lidar/build/lidar_odometry -- -j4 -l4
[45.082s] Invoking command in '/home/pi/ros2_lidar/build/lidar_odometry': CMAKE_PREFIX_PATH=${CMAKE_PREFIX_PATH}:/opt/ros/jazzy /usr/bin/cmake --install /home/pi/ros2_lidar/build/lidar_odometry
[45.096s] -- Install configuration: ""
[45.097s] -- Execute custom install script
[45.097s] -- Symlinking: /home/pi/ros2_lidar/install/lidar_odometry/lib/lidar_odometry/lidar_odometry_node
[45.114s] -- Symlinking: /home/pi/ros2_lidar/install/lidar_odometry/share/ament_index/resource_index/package_run_dependencies/lidar_odometry
[45.131s] -- Symlinking: /home/pi/ros2_lidar/install/lidar_odometry/share/ament_index/resource_index/parent_prefix_path/lidar_odometry
[45.147s] -- Symlinking: /home/pi/ros2_lidar/install/lidar_odometry/share/lidar_odometry/environment/ament_prefix_path.sh
[45.163s] -- Symlinking: /home/pi/ros2_lidar/install/lidar_odometry/share/lidar_odometry/environment/ament_prefix_path.dsv
[45.180s] -- Symlinking: /home/pi/ros2_lidar/install/lidar_odometry/share/lidar_odometry/environment/path.sh
[45.196s] -- Symlinking: /home/pi/ros2_lidar/install/lidar_odometry/share/lidar_odometry/environment/path.dsv
[45.212s] -- Symlinking: /home/pi/ros2_lidar/install/lidar_odometry/share/lidar_odometry/local_setup.bash
[45.229s] -- Symlinking: /home/pi/ros2_lidar/install/lidar_odometry/share/lidar_odometry/local_setup.sh
[45.244s] -- Symlinking: /home/pi/ros2_lidar/install/lidar_odometry/share/lidar_odometry/local_setup.zsh
[45.261s] -- Symlinking: /home/pi/ros2_lidar/install/lidar_odometry/share/lidar_odometry/local_setup.dsv
[45.277s] -- Symlinking: /home/pi/ros2_lidar/install/lidar_odometry/share/lidar_odometry/package.dsv
[45.294s] -- Symlinking: /home/pi/ros2_lidar/install/lidar_odometry/share/ament_index/resource_index/packages/lidar_odometry
[45.311s] -- Symlinking: /home/pi/ros2_lidar/install/lidar_odometry/share/lidar_odometry/cmake/lidar_odometryConfig.cmake
[45.328s] -- Symlinking: /home/pi/ros2_lidar/install/lidar_odometry/share/lidar_odometry/cmake/lidar_odometryConfig-version.cmake
[45.345s] -- Symlinking: /home/pi/ros2_lidar/install/lidar_odometry/share/lidar_odometry/package.xml
[45.365s] Invoked command in '/home/pi/ros2_lidar/build/lidar_odometry' returned '0': CMAKE_PREFIX_PATH=${CMAKE_PREFIX_PATH}:/opt/ros/jazzy /usr/bin/cmake --install /home/pi/ros2_lidar/build/lidar_odometry
