[0.014s] Invoking command in '/home/pi/ros2_lidar/src/build/rf2o_laser_odometry': CMAKE_PREFIX_PATH=${CMAKE_PREFIX_PATH}:/home/pi/ros2_lidar/install/ros2_lidar:/opt/ros/jazzy /usr/bin/cmake /home/pi/ros2_lidar/src/rf2o_laser_odometry -DAMENT_CMAKE_SYMLINK_INSTALL=1 -DCMAKE_INSTALL_PREFIX=/home/pi/ros2_lidar/src/install/rf2o_laser_odometry
[0.118s] -- The C compiler identification is GNU 13.3.0
[0.214s] -- The CXX compiler identification is GNU 13.3.0
[0.240s] -- Detecting C compiler ABI info
[0.402s] -- Detecting C compiler ABI info - done
[0.418s] -- Check for working C compiler: /usr/bin/cc - skipped
[0.418s] -- Detecting C compile features
[0.418s] -- Detecting C compile features - done
[0.431s] -- Detecting CXX compiler ABI info
[0.596s] -- Detecting CXX compiler ABI info - done
[0.612s] -- Check for working CXX compiler: /usr/bin/c++ - skipped
[0.612s] -- Detecting CXX compile features
[0.613s] -- Detecting CXX compile features - done
[0.617s] -- Found ament_cmake: 2.5.4 (/opt/ros/jazzy/share/ament_cmake/cmake)
[0.844s] -- Found Python3: /usr/bin/python3 (found version "3.12.3") found components: Interpreter 
[0.959s] -- Override CMake install command with custom implementation using symlinks instead of copying resources
[1.008s] -- Found rclcpp: 28.1.13 (/opt/ros/jazzy/share/rclcpp/cmake)
[1.062s] -- Found rosidl_generator_c: 4.6.6 (/opt/ros/jazzy/share/rosidl_generator_c/cmake)
[1.083s] -- Found rosidl_generator_cpp: 4.6.6 (/opt/ros/jazzy/share/rosidl_generator_cpp/cmake)
[1.106s] -- Using all available rosidl_typesupport_c: rosidl_typesupport_fastrtps_c;rosidl_typesupport_introspection_c
[1.133s] -- Using all available rosidl_typesupport_cpp: rosidl_typesupport_fastrtps_cpp;rosidl_typesupport_introspection_cpp
[1.240s] -- Found rmw_implementation_cmake: 7.3.2 (/opt/ros/jazzy/share/rmw_implementation_cmake/cmake)
[1.244s] -- Found rmw_fastrtps_cpp: 8.4.3 (/opt/ros/jazzy/share/rmw_fastrtps_cpp/cmake)
[1.376s] -- Found OpenSSL: /usr/lib/aarch64-linux-gnu/libcrypto.so (found version "3.0.13")  
[1.401s] -- Found FastRTPS: /opt/ros/jazzy/include (Required is at least version "2.13") 
[1.436s] -- Using RMW implementation 'rmw_fastrtps_cpp' as default
[1.534s] -- Found std_msgs: 5.3.6 (/opt/ros/jazzy/share/std_msgs/cmake)
[1.554s] -- Found geometry_msgs: 5.3.6 (/opt/ros/jazzy/share/geometry_msgs/cmake)
[1.577s] -- Found tf2_geometry_msgs: 0.36.16 (/opt/ros/jazzy/share/tf2_geometry_msgs/cmake)
[1.602s] -- Found eigen3_cmake_module: 0.3.0 (/opt/ros/jazzy/share/eigen3_cmake_module/cmake)
[1.605s] -- Found Eigen3: TRUE (found version "3.4.0") 
[1.605s] -- Ensuring Eigen3 include directory is part of orocos-kdl CMake target
[1.786s] -- Found sensor_msgs: 5.3.6 (/opt/ros/jazzy/share/sensor_msgs/cmake)
[1.817s] -- Found nav_msgs: 5.3.6 (/opt/ros/jazzy/share/nav_msgs/cmake)
[1.859s] -- Found Boost: /usr/lib/aarch64-linux-gnu/cmake/Boost-1.83.0/BoostConfig.cmake (found version "1.83.0")  
[2.017s] -- Configuring done (2.0s)
[2.049s] -- Generating done (0.0s)
[2.061s] -- Build files have been written to: /home/pi/ros2_lidar/src/build/rf2o_laser_odometry
[2.082s] Invoked command in '/home/pi/ros2_lidar/src/build/rf2o_laser_odometry' returned '0': CMAKE_PREFIX_PATH=${CMAKE_PREFIX_PATH}:/home/pi/ros2_lidar/install/ros2_lidar:/opt/ros/jazzy /usr/bin/cmake /home/pi/ros2_lidar/src/rf2o_laser_odometry -DAMENT_CMAKE_SYMLINK_INSTALL=1 -DCMAKE_INSTALL_PREFIX=/home/pi/ros2_lidar/src/install/rf2o_laser_odometry
[2.084s] Invoking command in '/home/pi/ros2_lidar/src/build/rf2o_laser_odometry': CMAKE_PREFIX_PATH=${CMAKE_PREFIX_PATH}:/home/pi/ros2_lidar/install/ros2_lidar:/opt/ros/jazzy /usr/bin/cmake --build /home/pi/ros2_lidar/src/build/rf2o_laser_odometry -- -j4 -l4
[2.176s] [ 60%] [32mBuilding CXX object CMakeFiles/rf2o_laser_odometry_node.dir/src/CLaserOdometry2DNode.cpp.o[0m
[2.176s] [ 60%] [32mBuilding CXX object CMakeFiles/rf2o_laser_odometry.dir/src/CLaserOdometry2D.cpp.o[0m
[2.177s] [ 60%] [32mBuilding CXX object CMakeFiles/rf2o_laser_odometry_node.dir/src/CLaserOdometry2D.cpp.o[0m
[35.574s] [ 80%] [32m[1mLinking CXX static library librf2o_laser_odometry.a[0m
[35.962s] [100%] [32m[1mLinking CXX executable rf2o_laser_odometry_node[0m
[37.095s] [100%] Built target rf2o_laser_odometry
[38.500s] [100%] Built target rf2o_laser_odometry_node
[38.521s] Invoked command in '/home/pi/ros2_lidar/src/build/rf2o_laser_odometry' returned '0': CMAKE_PREFIX_PATH=${CMAKE_PREFIX_PATH}:/home/pi/ros2_lidar/install/ros2_lidar:/opt/ros/jazzy /usr/bin/cmake --build /home/pi/ros2_lidar/src/build/rf2o_laser_odometry -- -j4 -l4
[38.539s] Invoking command in '/home/pi/ros2_lidar/src/build/rf2o_laser_odometry': CMAKE_PREFIX_PATH=${CMAKE_PREFIX_PATH}:/home/pi/ros2_lidar/install/ros2_lidar:/opt/ros/jazzy /usr/bin/cmake --install /home/pi/ros2_lidar/src/build/rf2o_laser_odometry
[38.552s] -- Install configuration: ""
[38.553s] -- Execute custom install script
[38.554s] -- Symlinking: /home/pi/ros2_lidar/src/install/rf2o_laser_odometry/lib/rf2o_laser_odometry/rf2o_laser_odometry_node
[38.571s] -- Symlinking: /home/pi/ros2_lidar/src/install/rf2o_laser_odometry/share/rf2o_laser_odometry/launch/rf2o_laser_odometry.launch.py
[38.588s] -- Symlinking: /home/pi/ros2_lidar/src/install/rf2o_laser_odometry/share/ament_index/resource_index/package_run_dependencies/rf2o_laser_odometry
[38.605s] -- Symlinking: /home/pi/ros2_lidar/src/install/rf2o_laser_odometry/share/ament_index/resource_index/parent_prefix_path/rf2o_laser_odometry
[38.622s] -- Symlinking: /home/pi/ros2_lidar/src/install/rf2o_laser_odometry/share/rf2o_laser_odometry/environment/ament_prefix_path.sh
[38.638s] -- Symlinking: /home/pi/ros2_lidar/src/install/rf2o_laser_odometry/share/rf2o_laser_odometry/environment/ament_prefix_path.dsv
[38.654s] -- Symlinking: /home/pi/ros2_lidar/src/install/rf2o_laser_odometry/share/rf2o_laser_odometry/environment/path.sh
[38.671s] -- Symlinking: /home/pi/ros2_lidar/src/install/rf2o_laser_odometry/share/rf2o_laser_odometry/environment/path.dsv
[38.687s] -- Symlinking: /home/pi/ros2_lidar/src/install/rf2o_laser_odometry/share/rf2o_laser_odometry/local_setup.bash
[38.705s] -- Symlinking: /home/pi/ros2_lidar/src/install/rf2o_laser_odometry/share/rf2o_laser_odometry/local_setup.sh
[38.720s] -- Symlinking: /home/pi/ros2_lidar/src/install/rf2o_laser_odometry/share/rf2o_laser_odometry/local_setup.zsh
[38.738s] -- Symlinking: /home/pi/ros2_lidar/src/install/rf2o_laser_odometry/share/rf2o_laser_odometry/local_setup.dsv
[38.755s] -- Symlinking: /home/pi/ros2_lidar/src/install/rf2o_laser_odometry/share/rf2o_laser_odometry/package.dsv
[38.771s] -- Symlinking: /home/pi/ros2_lidar/src/install/rf2o_laser_odometry/share/ament_index/resource_index/packages/rf2o_laser_odometry
[38.789s] -- Symlinking: /home/pi/ros2_lidar/src/install/rf2o_laser_odometry/share/rf2o_laser_odometry/cmake/rf2o_laser_odometryConfig.cmake
[38.805s] -- Symlinking: /home/pi/ros2_lidar/src/install/rf2o_laser_odometry/share/rf2o_laser_odometry/cmake/rf2o_laser_odometryConfig-version.cmake
[38.822s] -- Symlinking: /home/pi/ros2_lidar/src/install/rf2o_laser_odometry/share/rf2o_laser_odometry/package.xml
[38.842s] Invoked command in '/home/pi/ros2_lidar/src/build/rf2o_laser_odometry' returned '0': CMAKE_PREFIX_PATH=${CMAKE_PREFIX_PATH}:/home/pi/ros2_lidar/install/ros2_lidar:/opt/ros/jazzy /usr/bin/cmake --install /home/pi/ros2_lidar/src/build/rf2o_laser_odometry
