[0.014s] Invoking command in '/home/pi/ros2_lidar/build/rf2o_laser_odometry': CMAKE_PREFIX_PATH=${CMAKE_PREFIX_PATH}:/home/pi/ros2_lidar/install/ros2_lidar:/opt/ros/jazzy /usr/bin/cmake /home/pi/ros2_lidar/src/rf2o_laser_odometry -DAMENT_CMAKE_SYMLINK_INSTALL=1 -DCMAKE_INSTALL_PREFIX=/home/pi/ros2_lidar/install/rf2o_laser_odometry
[0.113s] -- The C compiler identification is GNU 13.3.0
[0.206s] -- The CXX compiler identification is GNU 13.3.0
[0.234s] -- Detecting C compiler ABI info
[0.387s] -- Detecting C compiler ABI info - done
[0.402s] -- Check for working C compiler: /usr/bin/cc - skipped
[0.402s] -- Detecting C compile features
[0.403s] -- Detecting C compile features - done
[0.416s] -- Detecting CXX compiler ABI info
[0.582s] -- Detecting CXX compiler ABI info - done
[0.598s] -- Check for working CXX compiler: /usr/bin/c++ - skipped
[0.598s] -- Detecting CXX compile features
[0.599s] -- Detecting CXX compile features - done
[0.603s] -- Found ament_cmake: 2.5.4 (/opt/ros/jazzy/share/ament_cmake/cmake)
[0.822s] -- Found Python3: /usr/bin/python3 (found version "3.12.3") found components: Interpreter 
[0.937s] -- Override CMake install command with custom implementation using symlinks instead of copying resources
[0.984s] -- Found rclcpp: 28.1.13 (/opt/ros/jazzy/share/rclcpp/cmake)
[1.037s] -- Found rosidl_generator_c: 4.6.6 (/opt/ros/jazzy/share/rosidl_generator_c/cmake)
[1.058s] -- Found rosidl_generator_cpp: 4.6.6 (/opt/ros/jazzy/share/rosidl_generator_cpp/cmake)
[1.081s] -- Using all available rosidl_typesupport_c: rosidl_typesupport_fastrtps_c;rosidl_typesupport_introspection_c
[1.107s] -- Using all available rosidl_typesupport_cpp: rosidl_typesupport_fastrtps_cpp;rosidl_typesupport_introspection_cpp
[1.213s] -- Found rmw_implementation_cmake: 7.3.2 (/opt/ros/jazzy/share/rmw_implementation_cmake/cmake)
[1.217s] -- Found rmw_fastrtps_cpp: 8.4.3 (/opt/ros/jazzy/share/rmw_fastrtps_cpp/cmake)
[1.349s] -- Found OpenSSL: /usr/lib/aarch64-linux-gnu/libcrypto.so (found version "3.0.13")  
[1.375s] -- Found FastRTPS: /opt/ros/jazzy/include (Required is at least version "2.13") 
[1.409s] -- Using RMW implementation 'rmw_fastrtps_cpp' as default
[1.506s] -- Found std_msgs: 5.3.6 (/opt/ros/jazzy/share/std_msgs/cmake)
[1.526s] -- Found geometry_msgs: 5.3.6 (/opt/ros/jazzy/share/geometry_msgs/cmake)
[1.547s] -- Found tf2_geometry_msgs: 0.36.16 (/opt/ros/jazzy/share/tf2_geometry_msgs/cmake)
[1.565s] -- Found eigen3_cmake_module: 0.3.0 (/opt/ros/jazzy/share/eigen3_cmake_module/cmake)
[1.567s] -- Found Eigen3: TRUE (found version "3.4.0") 
[1.567s] -- Ensuring Eigen3 include directory is part of orocos-kdl CMake target
[1.743s] -- Found sensor_msgs: 5.3.6 (/opt/ros/jazzy/share/sensor_msgs/cmake)
[1.775s] -- Found nav_msgs: 5.3.6 (/opt/ros/jazzy/share/nav_msgs/cmake)
[1.817s] -- Found Boost: /usr/lib/aarch64-linux-gnu/cmake/Boost-1.83.0/BoostConfig.cmake (found version "1.83.0")  
[1.974s] -- Configuring done (1.9s)
[2.004s] -- Generating done (0.0s)
[2.011s] -- Build files have been written to: /home/pi/ros2_lidar/build/rf2o_laser_odometry
[2.032s] Invoked command in '/home/pi/ros2_lidar/build/rf2o_laser_odometry' returned '0': CMAKE_PREFIX_PATH=${CMAKE_PREFIX_PATH}:/home/pi/ros2_lidar/install/ros2_lidar:/opt/ros/jazzy /usr/bin/cmake /home/pi/ros2_lidar/src/rf2o_laser_odometry -DAMENT_CMAKE_SYMLINK_INSTALL=1 -DCMAKE_INSTALL_PREFIX=/home/pi/ros2_lidar/install/rf2o_laser_odometry
[2.034s] Invoking command in '/home/pi/ros2_lidar/build/rf2o_laser_odometry': CMAKE_PREFIX_PATH=${CMAKE_PREFIX_PATH}:/home/pi/ros2_lidar/install/ros2_lidar:/opt/ros/jazzy /usr/bin/cmake --build /home/pi/ros2_lidar/build/rf2o_laser_odometry -- -j4 -l4
[2.124s] [ 60%] [32mBuilding CXX object CMakeFiles/rf2o_laser_odometry.dir/src/CLaserOdometry2D.cpp.o[0m
[2.125s] [ 60%] [32mBuilding CXX object CMakeFiles/rf2o_laser_odometry_node.dir/src/CLaserOdometry2D.cpp.o[0m
[2.125s] [ 60%] [32mBuilding CXX object CMakeFiles/rf2o_laser_odometry_node.dir/src/CLaserOdometry2DNode.cpp.o[0m
[35.300s] [ 80%] [32m[1mLinking CXX executable rf2o_laser_odometry_node[0m
[35.608s] [100%] [32m[1mLinking CXX static library librf2o_laser_odometry.a[0m
[37.298s] [100%] Built target rf2o_laser_odometry
[37.872s] [100%] Built target rf2o_laser_odometry_node
[37.894s] Invoked command in '/home/pi/ros2_lidar/build/rf2o_laser_odometry' returned '0': CMAKE_PREFIX_PATH=${CMAKE_PREFIX_PATH}:/home/pi/ros2_lidar/install/ros2_lidar:/opt/ros/jazzy /usr/bin/cmake --build /home/pi/ros2_lidar/build/rf2o_laser_odometry -- -j4 -l4
[37.912s] Invoking command in '/home/pi/ros2_lidar/build/rf2o_laser_odometry': CMAKE_PREFIX_PATH=${CMAKE_PREFIX_PATH}:/home/pi/ros2_lidar/install/ros2_lidar:/opt/ros/jazzy /usr/bin/cmake --install /home/pi/ros2_lidar/build/rf2o_laser_odometry
[37.924s] -- Install configuration: ""
[37.925s] -- Execute custom install script
[37.925s] -- Symlinking: /home/pi/ros2_lidar/install/rf2o_laser_odometry/lib/rf2o_laser_odometry/rf2o_laser_odometry_node
[37.943s] -- Symlinking: /home/pi/ros2_lidar/install/rf2o_laser_odometry/share/rf2o_laser_odometry/launch/rf2o_laser_odometry.launch.py
[37.959s] -- Symlinking: /home/pi/ros2_lidar/install/rf2o_laser_odometry/share/ament_index/resource_index/package_run_dependencies/rf2o_laser_odometry
[37.975s] -- Symlinking: /home/pi/ros2_lidar/install/rf2o_laser_odometry/share/ament_index/resource_index/parent_prefix_path/rf2o_laser_odometry
[37.993s] -- Symlinking: /home/pi/ros2_lidar/install/rf2o_laser_odometry/share/rf2o_laser_odometry/environment/ament_prefix_path.sh
[38.009s] -- Symlinking: /home/pi/ros2_lidar/install/rf2o_laser_odometry/share/rf2o_laser_odometry/environment/ament_prefix_path.dsv
[38.026s] -- Symlinking: /home/pi/ros2_lidar/install/rf2o_laser_odometry/share/rf2o_laser_odometry/environment/path.sh
[38.042s] -- Symlinking: /home/pi/ros2_lidar/install/rf2o_laser_odometry/share/rf2o_laser_odometry/environment/path.dsv
[38.058s] -- Symlinking: /home/pi/ros2_lidar/install/rf2o_laser_odometry/share/rf2o_laser_odometry/local_setup.bash
[38.074s] -- Symlinking: /home/pi/ros2_lidar/install/rf2o_laser_odometry/share/rf2o_laser_odometry/local_setup.sh
[38.090s] -- Symlinking: /home/pi/ros2_lidar/install/rf2o_laser_odometry/share/rf2o_laser_odometry/local_setup.zsh
[38.107s] -- Symlinking: /home/pi/ros2_lidar/install/rf2o_laser_odometry/share/rf2o_laser_odometry/local_setup.dsv
[38.122s] -- Symlinking: /home/pi/ros2_lidar/install/rf2o_laser_odometry/share/rf2o_laser_odometry/package.dsv
[38.139s] -- Symlinking: /home/pi/ros2_lidar/install/rf2o_laser_odometry/share/ament_index/resource_index/packages/rf2o_laser_odometry
[38.156s] -- Symlinking: /home/pi/ros2_lidar/install/rf2o_laser_odometry/share/rf2o_laser_odometry/cmake/rf2o_laser_odometryConfig.cmake
[38.172s] -- Symlinking: /home/pi/ros2_lidar/install/rf2o_laser_odometry/share/rf2o_laser_odometry/cmake/rf2o_laser_odometryConfig-version.cmake
[38.188s] -- Symlinking: /home/pi/ros2_lidar/install/rf2o_laser_odometry/share/rf2o_laser_odometry/package.xml
[38.207s] Invoked command in '/home/pi/ros2_lidar/build/rf2o_laser_odometry' returned '0': CMAKE_PREFIX_PATH=${CMAKE_PREFIX_PATH}:/home/pi/ros2_lidar/install/ros2_lidar:/opt/ros/jazzy /usr/bin/cmake --install /home/pi/ros2_lidar/build/rf2o_laser_odometry
